2025-12-06 18:19:30,111 [ERROR] Failed to load ML model or vectorizer. Exiting.
Traceback (most recent call last):
  File "D:\Tender System\TenderSystem - Copy\run.py", line 58, in <module>
    model = joblib.load(MODEL_FILE)
  File "D:\Tender System\TenderSystem - Copy\venv\lib\site-packages\joblib\numpy_pickle.py", line 749, in load
    obj = _unpickle(
  File "D:\Tender System\TenderSystem - Copy\venv\lib\site-packages\joblib\numpy_pickle.py", line 626, in _unpickle
    obj = unpickler.load()
  File "C:\Program Files\WindowsApps\PythonSoftwareFoundation.Python.3.10_3.10.3056.0_x64__qbz5n2kfra8p0\lib\pickle.py", line 1213, in load
    dispatch[key[0]](self)
  File "C:\Program Files\WindowsApps\PythonSoftwareFoundation.Python.3.10_3.10.3056.0_x64__qbz5n2kfra8p0\lib\pickle.py", line 1538, in load_stack_global
    self.append(self.find_class(module, name))
  File "C:\Program Files\WindowsApps\PythonSoftwareFoundation.Python.3.10_3.10.3056.0_x64__qbz5n2kfra8p0\lib\pickle.py", line 1580, in find_class
    __import__(module, level=0)
ModuleNotFoundError: No module named 'sklearn'
2025-12-06 18:19:44,710 [ERROR] Failed to load ML model or vectorizer. Exiting.
Traceback (most recent call last):
  File "D:\Tender System\TenderSystem - Copy\run.py", line 58, in <module>
    model = joblib.load(MODEL_FILE)
  File "D:\Tender System\TenderSystem - Copy\venv\lib\site-packages\joblib\numpy_pickle.py", line 749, in load
    obj = _unpickle(
  File "D:\Tender System\TenderSystem - Copy\venv\lib\site-packages\joblib\numpy_pickle.py", line 626, in _unpickle
    obj = unpickler.load()
  File "C:\Program Files\WindowsApps\PythonSoftwareFoundation.Python.3.10_3.10.3056.0_x64__qbz5n2kfra8p0\lib\pickle.py", line 1213, in load
    dispatch[key[0]](self)
  File "C:\Program Files\WindowsApps\PythonSoftwareFoundation.Python.3.10_3.10.3056.0_x64__qbz5n2kfra8p0\lib\pickle.py", line 1538, in load_stack_global
    self.append(self.find_class(module, name))
  File "C:\Program Files\WindowsApps\PythonSoftwareFoundation.Python.3.10_3.10.3056.0_x64__qbz5n2kfra8p0\lib\pickle.py", line 1580, in find_class
    __import__(module, level=0)
ModuleNotFoundError: No module named 'sklearn'
2025-12-06 18:20:50,329 [INFO] Loaded ML relevancy model and vectorizer.
2025-12-06 18:21:10,338 [INFO] Loaded ML relevancy model and vectorizer.
2025-12-06 18:21:10,448 [INFO] Loaded Diagnostic keywords: D:\Tender System\TenderSystem - Copy\app\data\keywords_diagnostic.csv
2025-12-06 18:21:10,466 [INFO] Loaded Endo keywords: D:\Tender System\TenderSystem - Copy\app\data\keywords_endo.csv
2025-12-06 18:21:10,467 [INFO] Matcher initialized with loaded KeywordStore.
2025-12-06 18:21:10,472 [INFO] Scraper starting...
2025-12-06 18:21:10,473 [INFO] DB consumer starting...
2025-12-06 18:23:12,813 [INFO] Loaded ML relevancy model and vectorizer.
2025-12-06 18:23:12,850 [INFO] Loaded Diagnostic keywords: D:\Tender System\TenderSystem - Copy\app\data\keywords_diagnostic.csv
2025-12-06 18:23:12,854 [INFO] Loaded Endo keywords: D:\Tender System\TenderSystem - Copy\app\data\keywords_endo.csv
2025-12-06 18:23:12,855 [INFO] Matcher initialized with loaded KeywordStore.
2025-12-06 18:23:12,856 [INFO] Scraper starting...
2025-12-06 18:23:12,856 [INFO] DB consumer starting...
2025-12-06 18:23:18,968 [INFO] Applying sorting: Bid Start Date -> Latest
2025-12-06 18:23:21,130 [INFO] Found 40961 records across 4097 pages.
2025-12-06 18:23:22,659 [INFO] DB: upserted 1 rows.
2025-12-06 18:23:28,579 [INFO] DB: upserted 29 rows.
2025-12-06 18:23:34,481 [INFO] DB: upserted 20 rows.
2025-12-06 18:23:39,855 [INFO] DB: upserted 20 rows.
2025-12-06 18:23:44,922 [INFO] DB: upserted 11 rows.
2025-12-06 18:23:50,257 [INFO] DB: upserted 20 rows.
2025-12-06 18:23:55,296 [INFO] DB: upserted 20 rows.
2025-12-06 18:24:00,332 [INFO] DB: upserted 20 rows.
2025-12-06 18:24:05,362 [INFO] DB: upserted 20 rows.
2025-12-06 18:24:06,992 [INFO] Received stop signal — shutting down...
2025-12-06 18:24:22,017 [INFO] Loaded ML relevancy model and vectorizer.
2025-12-06 18:24:22,051 [INFO] Loaded Diagnostic keywords: D:\Tender System\TenderSystem - Copy\app\data\keywords_diagnostic.csv
2025-12-06 18:24:22,058 [INFO] Loaded Endo keywords: D:\Tender System\TenderSystem - Copy\app\data\keywords_endo.csv
2025-12-06 18:24:22,058 [INFO] Matcher initialized with loaded KeywordStore.
2025-12-06 18:24:22,060 [INFO] Scraper starting...
2025-12-06 18:24:22,060 [INFO] DB consumer starting...
2025-12-06 18:24:26,649 [INFO] Applying sorting: Bid Start Date -> Latest
2025-12-06 18:24:28,808 [INFO] Found 40964 records across 4097 pages.
2025-12-06 18:24:30,305 [INFO] DB: upserted 1 rows.
2025-12-06 18:24:35,595 [INFO] DB: upserted 20 rows.
2025-12-06 18:24:40,985 [INFO] DB: upserted 20 rows.
2025-12-06 18:24:47,610 [INFO] Received stop signal — shutting down...
2025-12-06 18:25:05,747 [INFO] Loaded ML relevancy model and vectorizer.
2025-12-06 18:25:05,780 [INFO] Loaded Diagnostic keywords: D:\Tender System\TenderSystem - Copy\app\data\keywords_diagnostic.csv
2025-12-06 18:25:05,784 [INFO] Loaded Endo keywords: D:\Tender System\TenderSystem - Copy\app\data\keywords_endo.csv
2025-12-06 18:25:05,784 [INFO] Matcher initialized with loaded KeywordStore.
2025-12-06 18:25:05,787 [INFO] Scraper starting...
2025-12-06 18:25:05,787 [INFO] DB consumer starting...
2025-12-06 18:25:11,612 [INFO] Applying sorting: Bid Start Date -> Latest
2025-12-06 18:25:13,741 [INFO] Found 40964 records across 4097 pages.
2025-12-06 18:25:15,018 [INFO] DB: upserted 1 rows.
2025-12-06 18:25:20,147 [INFO] DB: upserted 20 rows.
2025-12-06 18:25:25,658 [INFO] DB: upserted 20 rows.
2025-12-06 18:25:31,095 [INFO] DB: upserted 20 rows.
2025-12-06 18:25:36,374 [INFO] DB: upserted 20 rows.
2025-12-06 18:25:39,015 [INFO] Received stop signal — shutting down...
